2026-03-07 12:01:34,740 - app - INFO - __init__.py:20 - Application startup
2026-03-07 12:01:34,740 - app - INFO - __init__.py:21 - API documentation available at /docs
2026-03-07 12:01:34,740 - app - INFO - __init__.py:22 - Static files mounted at /static
2026-03-07 12:04:04,949 - api_logging - INFO - logging.py:144 - Request started: POST http://localhost:8000/api/v1/auth/login
2026-03-07 12:04:04,985 - app.core.exceptions - ERROR - exceptions.py:129 - Validation error: [{'field': 'body.username', 'message': 'Field required'}, {'field': 'body.password', 'message': 'Field required'}]
2026-03-07 12:04:04,985 - monitoring - INFO - monitoring.py:50 - POST /api/v1/auth/login - Status: 422 - Time: 4.48ms
2026-03-07 12:04:04,985 - api_logging - INFO - logging.py:150 - Request completed: POST http://localhost:8000/api/v1/auth/login - 422 in 0.0368s
2026-03-07 12:04:15,009 - api_logging - INFO - logging.py:144 - Request started: POST http://localhost:8000/api/v1/auth/login
2026-03-07 12:04:15,011 - app.core.exceptions - ERROR - exceptions.py:129 - Validation error: [{'field': 'body.username', 'message': 'Field required'}, {'field': 'body.password', 'message': 'Field required'}]
2026-03-07 12:04:15,012 - monitoring - INFO - monitoring.py:50 - POST /api/v1/auth/login - Status: 422 - Time: 2.83ms
2026-03-07 12:04:15,012 - api_logging - INFO - logging.py:150 - Request completed: POST http://localhost:8000/api/v1/auth/login - 422 in 0.0032s
2026-03-07 12:04:17,475 - api_logging - INFO - logging.py:144 - Request started: POST http://localhost:8000/api/v1/auth/login
2026-03-07 12:04:17,477 - app.core.exceptions - ERROR - exceptions.py:129 - Validation error: [{'field': 'body.username', 'message': 'Field required'}, {'field': 'body.password', 'message': 'Field required'}]
2026-03-07 12:04:17,477 - monitoring - INFO - monitoring.py:50 - POST /api/v1/auth/login - Status: 422 - Time: 2.04ms
2026-03-07 12:04:17,477 - api_logging - INFO - logging.py:150 - Request completed: POST http://localhost:8000/api/v1/auth/login - 422 in 0.0025s
2026-03-07 12:04:22,784 - api_logging - INFO - logging.py:144 - Request started: POST http://localhost:8000/api/v1/auth/login
2026-03-07 12:04:22,801 - app.core.exceptions - ERROR - exceptions.py:129 - Validation error: [{'field': 'body.username', 'message': 'Field required'}, {'field': 'body.password', 'message': 'Field required'}]
2026-03-07 12:04:22,807 - monitoring - INFO - monitoring.py:50 - POST /api/v1/auth/login - Status: 422 - Time: 22.55ms
2026-03-07 12:04:22,808 - api_logging - INFO - logging.py:150 - Request completed: POST http://localhost:8000/api/v1/auth/login - 422 in 0.0235s
2026-03-07 12:04:49,409 - api_logging - INFO - logging.py:144 - Request started: GET http://localhost:8000/
2026-03-07 12:04:49,414 - monitoring - INFO - monitoring.py:50 - GET / - Status: 200 - Time: 3.57ms
2026-03-07 12:04:49,414 - api_logging - INFO - logging.py:150 - Request completed: GET http://localhost:8000/ - 200 in 0.0048s
2026-03-07 12:04:49,617 - api_logging - INFO - logging.py:144 - Request started: GET http://localhost:8000/@vite/client
2026-03-07 12:04:49,618 - app - INFO - __init__.py:142 - Successfully handled /@vite/client request
2026-03-07 12:04:49,619 - monitoring - INFO - monitoring.py:50 - GET /@vite/client - Status: 200 - Time: 1.89ms
2026-03-07 12:04:49,619 - api_logging - INFO - logging.py:150 - Request completed: GET http://localhost:8000/@vite/client - 200 in 0.0022s
2026-03-07 12:04:56,187 - api_logging - INFO - logging.py:144 - Request started: GET http://localhost:8000/admin
2026-03-07 12:04:56,189 - monitoring - INFO - monitoring.py:50 - GET /admin - Status: 404 - Time: 1.95ms
2026-03-07 12:04:56,189 - api_logging - INFO - logging.py:150 - Request completed: GET http://localhost:8000/admin - 404 in 0.0023s
2026-03-07 12:04:56,202 - api_logging - INFO - logging.py:144 - Request started: GET http://localhost:8000/@vite/client
2026-03-07 12:04:56,203 - app - INFO - __init__.py:142 - Successfully handled /@vite/client request
2026-03-07 12:04:56,204 - monitoring - INFO - monitoring.py:50 - GET /@vite/client - Status: 200 - Time: 1.56ms
2026-03-07 12:04:56,204 - api_logging - INFO - logging.py:150 - Request completed: GET http://localhost:8000/@vite/client - 200 in 0.0019s
2026-03-07 12:05:56,428 - api_logging - INFO - logging.py:144 - Request started: POST http://localhost:8000/api/v1/auth/login
